{"D:\\Henry\\M2\\ProyectoIntegradorM2\\blog-api\\app.js": {"path":"D:\\Henry\\M2\\ProyectoIntegradorM2\\blog-api\\app.js","statementMap":{"0":{"start":{"line":6,"column":12},"end":{"line":6,"column":21}},"1":{"start":{"line":8,"column":24},"end":{"line":8,"column":56}},"2":{"start":{"line":11,"column":0},"end":{"line":11,"column":24}},"3":{"start":{"line":13,"column":0},"end":{"line":13,"column":72}},"4":{"start":{"line":15,"column":0},"end":{"line":15,"column":16}}},"fnMap":{},"branchMap":{},"s":{"0":2,"1":2,"2":2,"3":2,"4":2},"f":{},"b":{},"meta":{"lastBranch":0,"lastFunction":0,"lastStatement":5,"seen":{"s:6:12:6:21":0,"s:8:24:8:56":1,"s:11:0:11:24":2,"s:13:0:13:72":3,"s:15:0:15:16":4},"fnNames":{}}}
,"D:\\Henry\\M2\\ProyectoIntegradorM2\\blog-api\\controllers\\authorsControllers.js": {"path":"D:\\Henry\\M2\\ProyectoIntegradorM2\\blog-api\\controllers\\authorsControllers.js","statementMap":{"0":{"start":{"line":5,"column":29},"end":{"line":13,"column":1}},"1":{"start":{"line":6,"column":2},"end":{"line":12,"column":3}},"2":{"start":{"line":7,"column":19},"end":{"line":7,"column":74}},"3":{"start":{"line":8,"column":4},"end":{"line":8,"column":38}},"4":{"start":{"line":10,"column":4},"end":{"line":10,"column":54}},"5":{"start":{"line":11,"column":4},"end":{"line":11,"column":64}},"6":{"start":{"line":16,"column":29},"end":{"line":29,"column":1}},"7":{"start":{"line":17,"column":2},"end":{"line":28,"column":3}},"8":{"start":{"line":18,"column":19},"end":{"line":18,"column":91}},"9":{"start":{"line":20,"column":4},"end":{"line":22,"column":5}},"10":{"start":{"line":21,"column":6},"end":{"line":21,"column":68}},"11":{"start":{"line":24,"column":4},"end":{"line":24,"column":41}},"12":{"start":{"line":26,"column":4},"end":{"line":26,"column":52}},"13":{"start":{"line":27,"column":4},"end":{"line":27,"column":62}},"14":{"start":{"line":32,"column":29},"end":{"line":55,"column":1}},"15":{"start":{"line":33,"column":2},"end":{"line":54,"column":3}},"16":{"start":{"line":34,"column":33},"end":{"line":34,"column":41}},"17":{"start":{"line":36,"column":4},"end":{"line":38,"column":5}},"18":{"start":{"line":37,"column":6},"end":{"line":37,"column":78}},"19":{"start":{"line":40,"column":19},"end":{"line":43,"column":5}},"20":{"start":{"line":45,"column":4},"end":{"line":45,"column":41}},"21":{"start":{"line":47,"column":4},"end":{"line":47,"column":48}},"22":{"start":{"line":49,"column":4},"end":{"line":51,"column":5}},"23":{"start":{"line":50,"column":6},"end":{"line":50,"column":76}},"24":{"start":{"line":53,"column":4},"end":{"line":53,"column":58}},"25":{"start":{"line":58,"column":28},"end":{"line":83,"column":1}},"26":{"start":{"line":59,"column":4},"end":{"line":82,"column":5}},"27":{"start":{"line":60,"column":35},"end":{"line":60,"column":43}},"28":{"start":{"line":61,"column":6},"end":{"line":63,"column":7}},"29":{"start":{"line":62,"column":8},"end":{"line":62,"column":76}},"30":{"start":{"line":64,"column":21},"end":{"line":67,"column":7}},"31":{"start":{"line":69,"column":6},"end":{"line":71,"column":7}},"32":{"start":{"line":70,"column":8},"end":{"line":70,"column":70}},"33":{"start":{"line":73,"column":6},"end":{"line":73,"column":31}},"34":{"start":{"line":75,"column":6},"end":{"line":75,"column":56}},"35":{"start":{"line":77,"column":6},"end":{"line":79,"column":7}},"36":{"start":{"line":78,"column":8},"end":{"line":78,"column":78}},"37":{"start":{"line":81,"column":6},"end":{"line":81,"column":66}},"38":{"start":{"line":86,"column":28},"end":{"line":99,"column":1}},"39":{"start":{"line":87,"column":2},"end":{"line":98,"column":3}},"40":{"start":{"line":88,"column":19},"end":{"line":88,"column":101}},"41":{"start":{"line":90,"column":4},"end":{"line":92,"column":5}},"42":{"start":{"line":91,"column":6},"end":{"line":91,"column":68}},"43":{"start":{"line":94,"column":4},"end":{"line":94,"column":59}},"44":{"start":{"line":96,"column":4},"end":{"line":96,"column":52}},"45":{"start":{"line":97,"column":4},"end":{"line":97,"column":62}}},"fnMap":{"0":{"name":"(anonymous_0)","decl":{"start":{"line":5,"column":29},"end":{"line":5,"column":34}},"loc":{"start":{"line":5,"column":49},"end":{"line":13,"column":1}},"line":5},"1":{"name":"(anonymous_1)","decl":{"start":{"line":16,"column":29},"end":{"line":16,"column":34}},"loc":{"start":{"line":16,"column":49},"end":{"line":29,"column":1}},"line":16},"2":{"name":"(anonymous_2)","decl":{"start":{"line":32,"column":29},"end":{"line":32,"column":34}},"loc":{"start":{"line":32,"column":49},"end":{"line":55,"column":1}},"line":32},"3":{"name":"(anonymous_3)","decl":{"start":{"line":58,"column":28},"end":{"line":58,"column":33}},"loc":{"start":{"line":58,"column":48},"end":{"line":83,"column":1}},"line":58},"4":{"name":"(anonymous_4)","decl":{"start":{"line":86,"column":28},"end":{"line":86,"column":33}},"loc":{"start":{"line":86,"column":48},"end":{"line":99,"column":1}},"line":86}},"branchMap":{"0":{"loc":{"start":{"line":20,"column":4},"end":{"line":22,"column":5}},"type":"if","locations":[{"start":{"line":20,"column":4},"end":{"line":22,"column":5}},{"start":{},"end":{}}],"line":20},"1":{"loc":{"start":{"line":36,"column":4},"end":{"line":38,"column":5}},"type":"if","locations":[{"start":{"line":36,"column":4},"end":{"line":38,"column":5}},{"start":{},"end":{}}],"line":36},"2":{"loc":{"start":{"line":36,"column":8},"end":{"line":36,"column":23}},"type":"binary-expr","locations":[{"start":{"line":36,"column":8},"end":{"line":36,"column":13}},{"start":{"line":36,"column":17},"end":{"line":36,"column":23}}],"line":36},"3":{"loc":{"start":{"line":42,"column":20},"end":{"line":42,"column":31}},"type":"binary-expr","locations":[{"start":{"line":42,"column":20},"end":{"line":42,"column":23}},{"start":{"line":42,"column":27},"end":{"line":42,"column":31}}],"line":42},"4":{"loc":{"start":{"line":49,"column":4},"end":{"line":51,"column":5}},"type":"if","locations":[{"start":{"line":49,"column":4},"end":{"line":51,"column":5}},{"start":{},"end":{}}],"line":49},"5":{"loc":{"start":{"line":61,"column":6},"end":{"line":63,"column":7}},"type":"if","locations":[{"start":{"line":61,"column":6},"end":{"line":63,"column":7}},{"start":{},"end":{}}],"line":61},"6":{"loc":{"start":{"line":61,"column":9},"end":{"line":61,"column":86}},"type":"binary-expr","locations":[{"start":{"line":61,"column":9},"end":{"line":61,"column":36}},{"start":{"line":61,"column":40},"end":{"line":61,"column":62}},{"start":{"line":61,"column":66},"end":{"line":61,"column":86}}],"line":61},"7":{"loc":{"start":{"line":69,"column":6},"end":{"line":71,"column":7}},"type":"if","locations":[{"start":{"line":69,"column":6},"end":{"line":71,"column":7}},{"start":{},"end":{}}],"line":69},"8":{"loc":{"start":{"line":77,"column":6},"end":{"line":79,"column":7}},"type":"if","locations":[{"start":{"line":77,"column":6},"end":{"line":79,"column":7}},{"start":{},"end":{}}],"line":77},"9":{"loc":{"start":{"line":90,"column":4},"end":{"line":92,"column":5}},"type":"if","locations":[{"start":{"line":90,"column":4},"end":{"line":92,"column":5}},{"start":{},"end":{}}],"line":90}},"s":{"0":2,"1":1,"2":1,"3":1,"4":0,"5":0,"6":2,"7":0,"8":0,"9":0,"10":0,"11":0,"12":0,"13":0,"14":2,"15":0,"16":0,"17":0,"18":0,"19":0,"20":0,"21":0,"22":0,"23":0,"24":0,"25":2,"26":0,"27":0,"28":0,"29":0,"30":0,"31":0,"32":0,"33":0,"34":0,"35":0,"36":0,"37":0,"38":2,"39":0,"40":0,"41":0,"42":0,"43":0,"44":0,"45":0},"f":{"0":1,"1":0,"2":0,"3":0,"4":0},"b":{"0":[0,0],"1":[0,0],"2":[0,0],"3":[0,0],"4":[0,0],"5":[0,0],"6":[0,0,0],"7":[0,0],"8":[0,0],"9":[0,0]},"meta":{"lastBranch":10,"lastFunction":5,"lastStatement":46,"seen":{"s:5:29:13:1":0,"f:5:29:5:34":0,"s:6:2:12:3":1,"s:7:19:7:74":2,"s:8:4:8:38":3,"s:10:4:10:54":4,"s:11:4:11:64":5,"s:16:29:29:1":6,"f:16:29:16:34":1,"s:17:2:28:3":7,"s:18:19:18:91":8,"b:20:4:22:5:undefined:undefined:undefined:undefined":0,"s:20:4:22:5":9,"s:21:6:21:68":10,"s:24:4:24:41":11,"s:26:4:26:52":12,"s:27:4:27:62":13,"s:32:29:55:1":14,"f:32:29:32:34":2,"s:33:2:54:3":15,"s:34:33:34:41":16,"b:36:4:38:5:undefined:undefined:undefined:undefined":1,"s:36:4:38:5":17,"b:36:8:36:13:36:17:36:23":2,"s:37:6:37:78":18,"s:40:19:43:5":19,"b:42:20:42:23:42:27:42:31":3,"s:45:4:45:41":20,"s:47:4:47:48":21,"b:49:4:51:5:undefined:undefined:undefined:undefined":4,"s:49:4:51:5":22,"s:50:6:50:76":23,"s:53:4:53:58":24,"s:58:28:83:1":25,"f:58:28:58:33":3,"s:59:4:82:5":26,"s:60:35:60:43":27,"b:61:6:63:7:undefined:undefined:undefined:undefined":5,"s:61:6:63:7":28,"b:61:9:61:36:61:40:61:62:61:66:61:86":6,"s:62:8:62:76":29,"s:64:21:67:7":30,"b:69:6:71:7:undefined:undefined:undefined:undefined":7,"s:69:6:71:7":31,"s:70:8:70:70":32,"s:73:6:73:31":33,"s:75:6:75:56":34,"b:77:6:79:7:undefined:undefined:undefined:undefined":8,"s:77:6:79:7":35,"s:78:8:78:78":36,"s:81:6:81:66":37,"s:86:28:99:1":38,"f:86:28:86:33":4,"s:87:2:98:3":39,"s:88:19:88:101":40,"b:90:4:92:5:undefined:undefined:undefined:undefined":9,"s:90:4:92:5":41,"s:91:6:91:68":42,"s:94:4:94:59":43,"s:96:4:96:52":44,"s:97:4:97:62":45},"fnNames":{}}}
,"D:\\Henry\\M2\\ProyectoIntegradorM2\\blog-api\\controllers\\postsControllers.js": {"path":"D:\\Henry\\M2\\ProyectoIntegradorM2\\blog-api\\controllers\\postsControllers.js","statementMap":{"0":{"start":{"line":5,"column":27},"end":{"line":25,"column":1}},"1":{"start":{"line":6,"column":25},"end":{"line":6,"column":34}},"2":{"start":{"line":8,"column":4},"end":{"line":24,"column":5}},"3":{"start":{"line":9,"column":18},"end":{"line":9,"column":39}},"4":{"start":{"line":10,"column":19},"end":{"line":10,"column":21}},"5":{"start":{"line":12,"column":6},"end":{"line":15,"column":7}},"6":{"start":{"line":13,"column":8},"end":{"line":13,"column":41}},"7":{"start":{"line":14,"column":8},"end":{"line":14,"column":42}},"8":{"start":{"line":17,"column":6},"end":{"line":17,"column":43}},"9":{"start":{"line":19,"column":21},"end":{"line":19,"column":52}},"10":{"start":{"line":20,"column":6},"end":{"line":20,"column":28}},"11":{"start":{"line":22,"column":6},"end":{"line":22,"column":54}},"12":{"start":{"line":23,"column":6},"end":{"line":23,"column":64}},"13":{"start":{"line":28,"column":27},"end":{"line":44,"column":1}},"14":{"start":{"line":29,"column":0},"end":{"line":43,"column":3}},"15":{"start":{"line":30,"column":19},"end":{"line":33,"column":5}},"16":{"start":{"line":35,"column":4},"end":{"line":37,"column":5}},"17":{"start":{"line":36,"column":6},"end":{"line":36,"column":67}},"18":{"start":{"line":39,"column":4},"end":{"line":39,"column":29}},"19":{"start":{"line":41,"column":4},"end":{"line":41,"column":51}},"20":{"start":{"line":42,"column":4},"end":{"line":42,"column":61}},"21":{"start":{"line":47,"column":26},"end":{"line":72,"column":5}},"22":{"start":{"line":48,"column":55},"end":{"line":48,"column":63}},"23":{"start":{"line":50,"column":6},"end":{"line":54,"column":7}},"24":{"start":{"line":51,"column":8},"end":{"line":53,"column":11}},"25":{"start":{"line":56,"column":6},"end":{"line":71,"column":7}},"26":{"start":{"line":57,"column":23},"end":{"line":60,"column":9}},"27":{"start":{"line":62,"column":8},"end":{"line":62,"column":45}},"28":{"start":{"line":64,"column":8},"end":{"line":64,"column":52}},"29":{"start":{"line":66,"column":8},"end":{"line":68,"column":9}},"30":{"start":{"line":67,"column":10},"end":{"line":67,"column":84}},"31":{"start":{"line":70,"column":8},"end":{"line":70,"column":62}},"32":{"start":{"line":75,"column":26},"end":{"line":93,"column":5}},"33":{"start":{"line":76,"column":42},"end":{"line":76,"column":50}},"34":{"start":{"line":78,"column":6},"end":{"line":92,"column":7}},"35":{"start":{"line":79,"column":23},"end":{"line":82,"column":9}},"36":{"start":{"line":84,"column":8},"end":{"line":86,"column":9}},"37":{"start":{"line":85,"column":10},"end":{"line":85,"column":71}},"38":{"start":{"line":88,"column":8},"end":{"line":88,"column":33}},"39":{"start":{"line":90,"column":8},"end":{"line":90,"column":57}},"40":{"start":{"line":91,"column":8},"end":{"line":91,"column":67}},"41":{"start":{"line":97,"column":26},"end":{"line":113,"column":1}},"42":{"start":{"line":98,"column":4},"end":{"line":112,"column":5}},"43":{"start":{"line":99,"column":19},"end":{"line":102,"column":5}},"44":{"start":{"line":104,"column":4},"end":{"line":106,"column":5}},"45":{"start":{"line":105,"column":8},"end":{"line":105,"column":69}},"46":{"start":{"line":108,"column":4},"end":{"line":108,"column":57}},"47":{"start":{"line":110,"column":4},"end":{"line":110,"column":51}},"48":{"start":{"line":111,"column":4},"end":{"line":111,"column":61}}},"fnMap":{"0":{"name":"(anonymous_0)","decl":{"start":{"line":5,"column":27},"end":{"line":5,"column":32}},"loc":{"start":{"line":5,"column":47},"end":{"line":25,"column":1}},"line":5},"1":{"name":"(anonymous_1)","decl":{"start":{"line":28,"column":27},"end":{"line":28,"column":32}},"loc":{"start":{"line":28,"column":47},"end":{"line":44,"column":1}},"line":28},"2":{"name":"(anonymous_2)","decl":{"start":{"line":47,"column":26},"end":{"line":47,"column":31}},"loc":{"start":{"line":47,"column":46},"end":{"line":72,"column":5}},"line":47},"3":{"name":"(anonymous_3)","decl":{"start":{"line":75,"column":26},"end":{"line":75,"column":31}},"loc":{"start":{"line":75,"column":46},"end":{"line":93,"column":5}},"line":75},"4":{"name":"(anonymous_4)","decl":{"start":{"line":97,"column":26},"end":{"line":97,"column":31}},"loc":{"start":{"line":97,"column":46},"end":{"line":113,"column":1}},"line":97}},"branchMap":{"0":{"loc":{"start":{"line":12,"column":6},"end":{"line":15,"column":7}},"type":"if","locations":[{"start":{"line":12,"column":6},"end":{"line":15,"column":7}},{"start":{},"end":{}}],"line":12},"1":{"loc":{"start":{"line":35,"column":4},"end":{"line":37,"column":5}},"type":"if","locations":[{"start":{"line":35,"column":4},"end":{"line":37,"column":5}},{"start":{},"end":{}}],"line":35},"2":{"loc":{"start":{"line":50,"column":6},"end":{"line":54,"column":7}},"type":"if","locations":[{"start":{"line":50,"column":6},"end":{"line":54,"column":7}},{"start":{},"end":{}}],"line":50},"3":{"loc":{"start":{"line":50,"column":10},"end":{"line":50,"column":42}},"type":"binary-expr","locations":[{"start":{"line":50,"column":10},"end":{"line":50,"column":16}},{"start":{"line":50,"column":20},"end":{"line":50,"column":28}},{"start":{"line":50,"column":32},"end":{"line":50,"column":42}}],"line":50},"4":{"loc":{"start":{"line":59,"column":38},"end":{"line":59,"column":56}},"type":"binary-expr","locations":[{"start":{"line":59,"column":38},"end":{"line":59,"column":47}},{"start":{"line":59,"column":51},"end":{"line":59,"column":56}}],"line":59},"5":{"loc":{"start":{"line":66,"column":8},"end":{"line":68,"column":9}},"type":"if","locations":[{"start":{"line":66,"column":8},"end":{"line":68,"column":9}},{"start":{},"end":{}}],"line":66},"6":{"loc":{"start":{"line":84,"column":8},"end":{"line":86,"column":9}},"type":"if","locations":[{"start":{"line":84,"column":8},"end":{"line":86,"column":9}},{"start":{},"end":{}}],"line":84},"7":{"loc":{"start":{"line":104,"column":4},"end":{"line":106,"column":5}},"type":"if","locations":[{"start":{"line":104,"column":4},"end":{"line":106,"column":5}},{"start":{},"end":{}}],"line":104}},"s":{"0":2,"1":1,"2":1,"3":1,"4":1,"5":1,"6":0,"7":0,"8":1,"9":1,"10":1,"11":0,"12":0,"13":2,"14":0,"15":0,"16":0,"17":0,"18":0,"19":0,"20":0,"21":2,"22":0,"23":0,"24":0,"25":0,"26":0,"27":0,"28":0,"29":0,"30":0,"31":0,"32":2,"33":0,"34":0,"35":0,"36":0,"37":0,"38":0,"39":0,"40":0,"41":2,"42":0,"43":0,"44":0,"45":0,"46":0,"47":0,"48":0},"f":{"0":1,"1":0,"2":0,"3":0,"4":0},"b":{"0":[0,1],"1":[0,0],"2":[0,0],"3":[0,0,0],"4":[0,0],"5":[0,0],"6":[0,0],"7":[0,0]},"meta":{"lastBranch":8,"lastFunction":5,"lastStatement":49,"seen":{"s:5:27:25:1":0,"f:5:27:5:32":0,"s:6:25:6:34":1,"s:8:4:24:5":2,"s:9:18:9:39":3,"s:10:19:10:21":4,"b:12:6:15:7:undefined:undefined:undefined:undefined":0,"s:12:6:15:7":5,"s:13:8:13:41":6,"s:14:8:14:42":7,"s:17:6:17:43":8,"s:19:21:19:52":9,"s:20:6:20:28":10,"s:22:6:22:54":11,"s:23:6:23:64":12,"s:28:27:44:1":13,"f:28:27:28:32":1,"s:29:0:43:3":14,"s:30:19:33:5":15,"b:35:4:37:5:undefined:undefined:undefined:undefined":1,"s:35:4:37:5":16,"s:36:6:36:67":17,"s:39:4:39:29":18,"s:41:4:41:51":19,"s:42:4:42:61":20,"s:47:26:72:5":21,"f:47:26:47:31":2,"s:48:55:48:63":22,"b:50:6:54:7:undefined:undefined:undefined:undefined":2,"s:50:6:54:7":23,"b:50:10:50:16:50:20:50:28:50:32:50:42":3,"s:51:8:53:11":24,"s:56:6:71:7":25,"s:57:23:60:9":26,"b:59:38:59:47:59:51:59:56":4,"s:62:8:62:45":27,"s:64:8:64:52":28,"b:66:8:68:9:undefined:undefined:undefined:undefined":5,"s:66:8:68:9":29,"s:67:10:67:84":30,"s:70:8:70:62":31,"s:75:26:93:5":32,"f:75:26:75:31":3,"s:76:42:76:50":33,"s:78:6:92:7":34,"s:79:23:82:9":35,"b:84:8:86:9:undefined:undefined:undefined:undefined":6,"s:84:8:86:9":36,"s:85:10:85:71":37,"s:88:8:88:33":38,"s:90:8:90:57":39,"s:91:8:91:67":40,"s:97:26:113:1":41,"f:97:26:97:31":4,"s:98:4:112:5":42,"s:99:19:102:5":43,"b:104:4:106:5:undefined:undefined:undefined:undefined":7,"s:104:4:106:5":44,"s:105:8:105:69":45,"s:108:4:108:57":46,"s:110:4:110:51":47,"s:111:4:111:61":48},"fnNames":{}}}
,"D:\\Henry\\M2\\ProyectoIntegradorM2\\blog-api\\db\\config.js": {"path":"D:\\Henry\\M2\\ProyectoIntegradorM2\\blog-api\\db\\config.js","statementMap":{"0":{"start":{"line":3,"column":19},"end":{"line":6,"column":3}},"1":{"start":{"line":11,"column":0},"end":{"line":13,"column":3}},"2":{"start":{"line":12,"column":2},"end":{"line":12,"column":71}}},"fnMap":{"0":{"name":"(anonymous_0)","decl":{"start":{"line":11,"column":17},"end":{"line":11,"column":18}},"loc":{"start":{"line":11,"column":26},"end":{"line":13,"column":1}},"line":11}},"branchMap":{},"s":{"0":2,"1":2,"2":0},"f":{"0":0},"b":{},"meta":{"lastBranch":0,"lastFunction":1,"lastStatement":3,"seen":{"s:3:19:6:3":0,"s:11:0:13:3":1,"f:11:17:11:18":0,"s:12:2:12:71":2},"fnNames":{}}}
,"D:\\Henry\\M2\\ProyectoIntegradorM2\\blog-api\\middleware\\validaParametros.js": {"path":"D:\\Henry\\M2\\ProyectoIntegradorM2\\blog-api\\middleware\\validaParametros.js","statementMap":{"0":{"start":{"line":1,"column":31},"end":{"line":11,"column":1}},"1":{"start":{"line":2,"column":2},"end":{"line":4,"column":3}},"2":{"start":{"line":3,"column":4},"end":{"line":3,"column":65}},"3":{"start":{"line":6,"column":4},"end":{"line":8,"column":3}},"4":{"start":{"line":7,"column":4},"end":{"line":7,"column":78}},"5":{"start":{"line":10,"column":2},"end":{"line":10,"column":9}}},"fnMap":{"0":{"name":"(anonymous_0)","decl":{"start":{"line":1,"column":31},"end":{"line":1,"column":32}},"loc":{"start":{"line":1,"column":51},"end":{"line":11,"column":1}},"line":1}},"branchMap":{"0":{"loc":{"start":{"line":2,"column":2},"end":{"line":4,"column":3}},"type":"if","locations":[{"start":{"line":2,"column":2},"end":{"line":4,"column":3}},{"start":{},"end":{}}],"line":2},"1":{"loc":{"start":{"line":2,"column":6},"end":{"line":2,"column":44}},"type":"binary-expr","locations":[{"start":{"line":2,"column":6},"end":{"line":2,"column":20}},{"start":{"line":2,"column":24},"end":{"line":2,"column":44}}],"line":2},"2":{"loc":{"start":{"line":6,"column":4},"end":{"line":8,"column":3}},"type":"if","locations":[{"start":{"line":6,"column":4},"end":{"line":8,"column":3}},{"start":{},"end":{}}],"line":6}},"s":{"0":2,"1":0,"2":0,"3":0,"4":0,"5":0},"f":{"0":0},"b":{"0":[0,0],"1":[0,0],"2":[0,0]},"meta":{"lastBranch":3,"lastFunction":1,"lastStatement":6,"seen":{"s:1:31:11:1":0,"f:1:31:1:32":0,"b:2:2:4:3:undefined:undefined:undefined:undefined":0,"s:2:2:4:3":1,"b:2:6:2:20:2:24:2:44":1,"s:3:4:3:65":2,"b:6:4:8:3:undefined:undefined:undefined:undefined":2,"s:6:4:8:3":3,"s:7:4:7:78":4,"s:10:2:10:9":5},"fnNames":{}}}
,"D:\\Henry\\M2\\ProyectoIntegradorM2\\blog-api\\routes\\authorsRouter.js": {"path":"D:\\Henry\\M2\\ProyectoIntegradorM2\\blog-api\\routes\\authorsRouter.js","statementMap":{"0":{"start":{"line":4,"column":22},"end":{"line":4,"column":30}},"1":{"start":{"line":6,"column":0},"end":{"line":6,"column":38}},"2":{"start":{"line":7,"column":0},"end":{"line":7,"column":41}},"3":{"start":{"line":8,"column":0},"end":{"line":8,"column":39}},"4":{"start":{"line":9,"column":0},"end":{"line":9,"column":54}},"5":{"start":{"line":10,"column":0},"end":{"line":10,"column":57}},"6":{"start":{"line":11,"column":0},"end":{"line":11,"column":57}},"7":{"start":{"line":12,"column":0},"end":{"line":12,"column":60}}},"fnMap":{},"branchMap":{},"s":{"0":2,"1":2,"2":2,"3":2,"4":2,"5":2,"6":2,"7":2},"f":{},"b":{},"meta":{"lastBranch":0,"lastFunction":0,"lastStatement":8,"seen":{"s:4:22:4:30":0,"s:6:0:6:38":1,"s:7:0:7:41":2,"s:8:0:8:39":3,"s:9:0:9:54":4,"s:10:0:10:57":5,"s:11:0:11:57":6,"s:12:0:12:60":7},"fnNames":{}}}
,"D:\\Henry\\M2\\ProyectoIntegradorM2\\blog-api\\routes\\index.js": {"path":"D:\\Henry\\M2\\ProyectoIntegradorM2\\blog-api\\routes\\index.js","statementMap":{"0":{"start":{"line":5,"column":15},"end":{"line":5,"column":23}},"1":{"start":{"line":7,"column":0},"end":{"line":7,"column":42}},"2":{"start":{"line":8,"column":0},"end":{"line":8,"column":38}}},"fnMap":{},"branchMap":{},"s":{"0":2,"1":2,"2":2},"f":{},"b":{},"meta":{"lastBranch":0,"lastFunction":0,"lastStatement":3,"seen":{"s:5:15:5:23":0,"s:7:0:7:42":1,"s:8:0:8:38":2},"fnNames":{}}}
,"D:\\Henry\\M2\\ProyectoIntegradorM2\\blog-api\\routes\\postsRouters.js": {"path":"D:\\Henry\\M2\\ProyectoIntegradorM2\\blog-api\\routes\\postsRouters.js","statementMap":{"0":{"start":{"line":4,"column":20},"end":{"line":4,"column":28}},"1":{"start":{"line":6,"column":0},"end":{"line":6,"column":34}},"2":{"start":{"line":7,"column":0},"end":{"line":7,"column":37}},"3":{"start":{"line":8,"column":0},"end":{"line":8,"column":34}},"4":{"start":{"line":9,"column":0},"end":{"line":9,"column":50}},"5":{"start":{"line":10,"column":0},"end":{"line":10,"column":53}},"6":{"start":{"line":11,"column":0},"end":{"line":11,"column":53}},"7":{"start":{"line":12,"column":0},"end":{"line":12,"column":56}}},"fnMap":{},"branchMap":{},"s":{"0":2,"1":2,"2":2,"3":2,"4":2,"5":2,"6":2,"7":2},"f":{},"b":{},"meta":{"lastBranch":0,"lastFunction":0,"lastStatement":8,"seen":{"s:4:20:4:28":0,"s:6:0:6:34":1,"s:7:0:7:37":2,"s:8:0:8:34":3,"s:9:0:9:50":4,"s:10:0:10:53":5,"s:11:0:11:53":6,"s:12:0:12:56":7},"fnNames":{}}}
,"D:\\Henry\\M2\\ProyectoIntegradorM2\\blog-api\\utils\\validator.js": {"path":"D:\\Henry\\M2\\ProyectoIntegradorM2\\blog-api\\utils\\validator.js","statementMap":{"0":{"start":{"line":2,"column":2},"end":{"line":4,"column":3}},"1":{"start":{"line":3,"column":4},"end":{"line":3,"column":35}},"2":{"start":{"line":6,"column":21},"end":{"line":6,"column":49}},"3":{"start":{"line":8,"column":2},"end":{"line":10,"column":3}},"4":{"start":{"line":9,"column":4},"end":{"line":9,"column":46}},"5":{"start":{"line":12,"column":2},"end":{"line":12,"column":14}},"6":{"start":{"line":16,"column":2},"end":{"line":18,"column":3}},"7":{"start":{"line":17,"column":4},"end":{"line":17,"column":36}},"8":{"start":{"line":20,"column":2},"end":{"line":22,"column":3}},"9":{"start":{"line":21,"column":4},"end":{"line":21,"column":41}},"10":{"start":{"line":24,"column":2},"end":{"line":26,"column":3}},"11":{"start":{"line":25,"column":4},"end":{"line":25,"column":44}},"12":{"start":{"line":28,"column":2},"end":{"line":30,"column":3}},"13":{"start":{"line":29,"column":4},"end":{"line":29,"column":59}},"14":{"start":{"line":32,"column":2},"end":{"line":32,"column":14}},"15":{"start":{"line":36,"column":2},"end":{"line":38,"column":3}},"16":{"start":{"line":37,"column":4},"end":{"line":37,"column":16}},"17":{"start":{"line":40,"column":2},"end":{"line":42,"column":3}},"18":{"start":{"line":41,"column":4},"end":{"line":41,"column":40}},"19":{"start":{"line":44,"column":2},"end":{"line":46,"column":3}},"20":{"start":{"line":45,"column":4},"end":{"line":45,"column":46}},"21":{"start":{"line":48,"column":2},"end":{"line":48,"column":14}}},"fnMap":{"0":{"name":"validarEmail","decl":{"start":{"line":1,"column":16},"end":{"line":1,"column":28}},"loc":{"start":{"line":1,"column":36},"end":{"line":13,"column":1}},"line":1},"1":{"name":"validarNombre","decl":{"start":{"line":15,"column":16},"end":{"line":15,"column":29}},"loc":{"start":{"line":15,"column":38},"end":{"line":33,"column":1}},"line":15},"2":{"name":"validarEdad","decl":{"start":{"line":35,"column":16},"end":{"line":35,"column":27}},"loc":{"start":{"line":35,"column":34},"end":{"line":49,"column":null}},"line":35}},"branchMap":{"0":{"loc":{"start":{"line":2,"column":2},"end":{"line":4,"column":3}},"type":"if","locations":[{"start":{"line":2,"column":2},"end":{"line":4,"column":3}},{"start":{},"end":{}}],"line":2},"1":{"loc":{"start":{"line":8,"column":2},"end":{"line":10,"column":3}},"type":"if","locations":[{"start":{"line":8,"column":2},"end":{"line":10,"column":3}},{"start":{},"end":{}}],"line":8},"2":{"loc":{"start":{"line":16,"column":2},"end":{"line":18,"column":3}},"type":"if","locations":[{"start":{"line":16,"column":2},"end":{"line":18,"column":3}},{"start":{},"end":{}}],"line":16},"3":{"loc":{"start":{"line":16,"column":6},"end":{"line":16,"column":45}},"type":"binary-expr","locations":[{"start":{"line":16,"column":6},"end":{"line":16,"column":21}},{"start":{"line":16,"column":25},"end":{"line":16,"column":45}}],"line":16},"4":{"loc":{"start":{"line":20,"column":2},"end":{"line":22,"column":3}},"type":"if","locations":[{"start":{"line":20,"column":2},"end":{"line":22,"column":3}},{"start":{},"end":{}}],"line":20},"5":{"loc":{"start":{"line":24,"column":2},"end":{"line":26,"column":3}},"type":"if","locations":[{"start":{"line":24,"column":2},"end":{"line":26,"column":3}},{"start":{},"end":{}}],"line":24},"6":{"loc":{"start":{"line":28,"column":2},"end":{"line":30,"column":3}},"type":"if","locations":[{"start":{"line":28,"column":2},"end":{"line":30,"column":3}},{"start":{},"end":{}}],"line":28},"7":{"loc":{"start":{"line":28,"column":6},"end":{"line":28,"column":60}},"type":"binary-expr","locations":[{"start":{"line":28,"column":6},"end":{"line":28,"column":30}},{"start":{"line":28,"column":34},"end":{"line":28,"column":60}}],"line":28},"8":{"loc":{"start":{"line":36,"column":2},"end":{"line":38,"column":3}},"type":"if","locations":[{"start":{"line":36,"column":2},"end":{"line":38,"column":3}},{"start":{},"end":{}}],"line":36},"9":{"loc":{"start":{"line":40,"column":2},"end":{"line":42,"column":3}},"type":"if","locations":[{"start":{"line":40,"column":2},"end":{"line":42,"column":3}},{"start":{},"end":{}}],"line":40},"10":{"loc":{"start":{"line":40,"column":6},"end":{"line":40,"column":45}},"type":"binary-expr","locations":[{"start":{"line":40,"column":6},"end":{"line":40,"column":30}},{"start":{"line":40,"column":34},"end":{"line":40,"column":45}}],"line":40},"11":{"loc":{"start":{"line":44,"column":2},"end":{"line":46,"column":3}},"type":"if","locations":[{"start":{"line":44,"column":2},"end":{"line":46,"column":3}},{"start":{},"end":{}}],"line":44},"12":{"loc":{"start":{"line":44,"column":6},"end":{"line":44,"column":28}},"type":"binary-expr","locations":[{"start":{"line":44,"column":6},"end":{"line":44,"column":14}},{"start":{"line":44,"column":18},"end":{"line":44,"column":28}}],"line":44}},"s":{"0":5,"1":2,"2":3,"3":3,"4":2,"5":1,"6":6,"7":1,"8":5,"9":1,"10":4,"11":2,"12":2,"13":1,"14":1,"15":0,"16":0,"17":0,"18":0,"19":0,"20":0,"21":0},"f":{"0":5,"1":6,"2":0},"b":{"0":[2,3],"1":[2,1],"2":[1,5],"3":[6,6],"4":[1,4],"5":[2,2],"6":[1,1],"7":[2,1],"8":[0,0],"9":[0,0],"10":[0,0],"11":[0,0],"12":[0,0]},"meta":{"lastBranch":13,"lastFunction":3,"lastStatement":22,"seen":{"f:1:16:1:28":0,"b:2:2:4:3:undefined:undefined:undefined:undefined":0,"s:2:2:4:3":0,"s:3:4:3:35":1,"s:6:21:6:49":2,"b:8:2:10:3:undefined:undefined:undefined:undefined":1,"s:8:2:10:3":3,"s:9:4:9:46":4,"s:12:2:12:14":5,"f:15:16:15:29":1,"b:16:2:18:3:undefined:undefined:undefined:undefined":2,"s:16:2:18:3":6,"b:16:6:16:21:16:25:16:45":3,"s:17:4:17:36":7,"b:20:2:22:3:undefined:undefined:undefined:undefined":4,"s:20:2:22:3":8,"s:21:4:21:41":9,"b:24:2:26:3:undefined:undefined:undefined:undefined":5,"s:24:2:26:3":10,"s:25:4:25:44":11,"b:28:2:30:3:undefined:undefined:undefined:undefined":6,"s:28:2:30:3":12,"b:28:6:28:30:28:34:28:60":7,"s:29:4:29:59":13,"s:32:2:32:14":14,"f:35:16:35:27":2,"b:36:2:38:3:undefined:undefined:undefined:undefined":8,"s:36:2:38:3":15,"s:37:4:37:16":16,"b:40:2:42:3:undefined:undefined:undefined:undefined":9,"s:40:2:42:3":17,"b:40:6:40:30:40:34:40:45":10,"s:41:4:41:40":18,"b:44:2:46:3:undefined:undefined:undefined:undefined":11,"s:44:2:46:3":19,"b:44:6:44:14:44:18:44:28":12,"s:45:4:45:46":20,"s:48:2:48:14":21},"fnNames":{}}}
}
